{
  "RSpec": {
    "coverage": {
      "/home/franzpapa/Workspace/Portfolio/demo_api/spec/support/parsed_response_helper.rb": {
        "lines": [
          1,
          1,
          1,
          60,
          null,
          null,
          null
        ]
      },
      "/home/franzpapa/Workspace/Portfolio/demo_api/app/controllers/api/customers_controller.rb": {
        "lines": [
          1,
          1,
          null,
          1,
          3,
          3,
          null,
          null,
          1,
          8,
          7,
          null,
          null,
          1,
          20,
          null,
          17,
          null,
          8,
          null,
          null,
          1,
          24,
          23,
          null,
          23,
          null,
          null,
          null,
          14,
          null,
          null,
          1,
          5,
          3,
          null,
          null,
          3,
          null,
          null,
          1,
          null,
          1,
          20,
          114,
          17,
          null,
          null,
          1,
          23,
          null,
          null,
          null
        ]
      },
      "/home/franzpapa/Workspace/Portfolio/demo_api/app/controllers/application_controller.rb": {
        "lines": [
          1,
          1,
          null,
          1,
          1,
          1,
          8,
          null,
          null,
          1,
          null,
          null,
          13,
          null,
          null,
          null,
          1,
          12,
          null,
          null,
          1,
          30,
          null,
          null,
          1,
          8,
          null,
          null,
          1,
          117,
          null,
          null,
          null,
          null,
          117,
          204,
          197,
          190,
          183,
          null,
          96,
          null,
          null,
          1,
          null,
          null,
          null,
          null,
          197,
          27,
          27,
          null,
          null,
          1,
          null,
          null,
          null,
          190,
          27,
          27,
          27,
          63,
          null,
          null,
          20,
          null,
          null,
          1,
          183,
          143,
          null,
          null,
          1,
          null,
          1,
          null,
          null,
          30,
          30,
          30,
          null,
          30,
          null,
          null
        ]
      },
      "/home/franzpapa/Workspace/Portfolio/demo_api/spec/controllers/api/orders_controller_spec.rb": {
        "lines": [
          1,
          null,
          1,
          1,
          4,
          null,
          4,
          null,
          1,
          1,
          null,
          null,
          1,
          1,
          null,
          null,
          1,
          1,
          null,
          null,
          null,
          null,
          1,
          6,
          null,
          1,
          5,
          5,
          5,
          5,
          1,
          4,
          null,
          null,
          1,
          4,
          null,
          null,
          5,
          null,
          1,
          1,
          null,
          null,
          1,
          1,
          null,
          null,
          1,
          1,
          null,
          null,
          1,
          1,
          null,
          null,
          null,
          null,
          null,
          null,
          null,
          null,
          null,
          null,
          null,
          null,
          null,
          null,
          null,
          null,
          null,
          null,
          null,
          null,
          null,
          null,
          null,
          null,
          null,
          null,
          null,
          null,
          null,
          null,
          null,
          null,
          null,
          null,
          null,
          null,
          null,
          null,
          null,
          null,
          null,
          null,
          null,
          null,
          null,
          null,
          null,
          null,
          null,
          null,
          null,
          null,
          null,
          null,
          null,
          null,
          null,
          null,
          null,
          null,
          null,
          null,
          null,
          null,
          null,
          null,
          null,
          null,
          null,
          null,
          null,
          null,
          null,
          null,
          null,
          null,
          null,
          null,
          null,
          null,
          null,
          null,
          null,
          null,
          null,
          null,
          null,
          null,
          null,
          null,
          null,
          null,
          null,
          null,
          null,
          null,
          1,
          2,
          2,
          null,
          1,
          1,
          null,
          null,
          null,
          null,
          1,
          19,
          19,
          19,
          null,
          1,
          1,
          null,
          6,
          null,
          null,
          null,
          null,
          null,
          null,
          null,
          null,
          null,
          null,
          null,
          null,
          null,
          null,
          7,
          null,
          1,
          1,
          1,
          null,
          null,
          1,
          4,
          null,
          null,
          1,
          4,
          null,
          null,
          null,
          1,
          1,
          1,
          null,
          null,
          1,
          1,
          1,
          null,
          null,
          1,
          1,
          1,
          null,
          null,
          null,
          1,
          1,
          null,
          4,
          null,
          null,
          null,
          null,
          null,
          null,
          null,
          null,
          null,
          null,
          null,
          null,
          null,
          5,
          null,
          1,
          1,
          1,
          null,
          null,
          1,
          4,
          null,
          null,
          1,
          4,
          null,
          null,
          1,
          1,
          1,
          null,
          null,
          null,
          null,
          1,
          1,
          null,
          4,
          null,
          null,
          null,
          null,
          null,
          null,
          null,
          null,
          null,
          null,
          null,
          null,
          null,
          null,
          5,
          null,
          1,
          1,
          1,
          null,
          null,
          1,
          4,
          null,
          null,
          1,
          4,
          null,
          null,
          1,
          1,
          1,
          null,
          null,
          null,
          null,
          1,
          1,
          null,
          4,
          null,
          null,
          null,
          null,
          null,
          null,
          null,
          null,
          null,
          null,
          null,
          null,
          null,
          null,
          5,
          null,
          1,
          1,
          1,
          null,
          null,
          1,
          4,
          null,
          null,
          1,
          4,
          null,
          null,
          1,
          1,
          1,
          null,
          null,
          null,
          null,
          null,
          1,
          7,
          6,
          1,
          6,
          null,
          null,
          1,
          6,
          null,
          null,
          6,
          6,
          6,
          1,
          null,
          5,
          null,
          null,
          null,
          null,
          null,
          null,
          null,
          null,
          null,
          null,
          null,
          null,
          null,
          null,
          null,
          null,
          null,
          null,
          6,
          null,
          1,
          1,
          1,
          null,
          null,
          1,
          4,
          null,
          null,
          null,
          1,
          2,
          2,
          null,
          null,
          null,
          1,
          4,
          null,
          null,
          1,
          1,
          1,
          null,
          null,
          1,
          2,
          2,
          2,
          2,
          1,
          null,
          1,
          null,
          null,
          null,
          null,
          null,
          null,
          null,
          null,
          null,
          null,
          null,
          null,
          null,
          null,
          null,
          null,
          null,
          null,
          null,
          2,
          null,
          1,
          1,
          null,
          null,
          null,
          1,
          4,
          4,
          1,
          3,
          null,
          null,
          1,
          3,
          null,
          null,
          4,
          4,
          4,
          1,
          null,
          3,
          null,
          null,
          null,
          null,
          null,
          null,
          null,
          null,
          null,
          null,
          null,
          null,
          null,
          null,
          null,
          null,
          null,
          4,
          null,
          1,
          1,
          1,
          null,
          null,
          1,
          4,
          null,
          null,
          1,
          1,
          1,
          null,
          null,
          null,
          null,
          null,
          1,
          1,
          4,
          4,
          4,
          null,
          1,
          1,
          1,
          null,
          null,
          1,
          1,
          1,
          null,
          null,
          1,
          4,
          null,
          null,
          null,
          1,
          3,
          3,
          3,
          null,
          1,
          1,
          1,
          null,
          null,
          1,
          4,
          null,
          null,
          null,
          null
        ]
      },
      "/home/franzpapa/Workspace/Portfolio/demo_api/app/controllers/api/orders_controller.rb": {
        "lines": [
          1,
          1,
          null,
          1,
          3,
          3,
          null,
          null,
          1,
          5,
          4,
          null,
          null,
          null,
          1,
          18,
          6,
          null,
          null,
          1,
          9,
          5,
          null,
          null,
          1,
          5,
          3,
          null,
          null,
          3,
          null,
          null,
          1,
          null,
          1,
          18,
          null,
          null,
          null,
          null,
          null,
          null,
          null,
          14,
          null,
          null,
          1,
          14,
          14,
          14,
          20,
          null,
          null,
          null,
          null,
          null,
          null,
          1,
          9,
          null,
          null,
          null,
          null,
          null,
          null,
          null,
          null,
          6,
          null,
          null,
          1,
          6,
          5,
          5,
          null,
          15,
          null,
          5,
          null,
          null,
          null,
          null,
          null,
          null,
          null,
          1,
          15,
          null,
          null,
          15,
          null,
          null,
          null
        ]
      },
      "/home/franzpapa/Workspace/Portfolio/demo_api/spec/controllers/api/products_controller_spec.rb": {
        "lines": [
          1,
          null,
          1,
          1,
          4,
          null,
          4,
          null,
          1,
          1,
          null,
          null,
          1,
          1,
          null,
          null,
          1,
          1,
          null,
          null,
          null,
          null,
          1,
          9,
          null,
          1,
          8,
          8,
          null,
          1,
          1,
          null,
          null,
          1,
          1,
          null,
          null,
          1,
          1,
          null,
          null,
          1,
          1,
          null,
          null,
          1,
          1,
          null,
          null,
          null,
          1,
          1,
          null,
          null,
          null,
          1,
          1,
          null,
          null,
          null,
          1,
          2,
          2,
          null,
          1,
          1,
          null,
          null,
          null,
          null,
          1,
          1,
          9,
          9,
          null,
          1,
          1,
          1,
          null,
          null,
          1,
          4,
          null,
          null,
          1,
          1,
          1,
          null,
          null,
          1,
          1,
          1,
          null,
          null,
          1,
          1,
          1,
          null,
          null,
          1,
          1,
          1,
          null,
          null,
          null,
          1,
          1,
          1,
          null,
          null,
          null,
          1,
          1,
          1,
          null,
          null,
          null,
          1,
          1,
          1,
          null,
          3,
          null,
          null,
          null,
          null,
          null,
          null,
          4,
          null,
          1,
          1,
          1,
          null,
          null,
          1,
          4,
          null,
          null,
          1,
          1,
          1,
          null,
          null,
          null,
          null,
          1,
          1,
          null,
          3,
          null,
          null,
          null,
          null,
          null,
          null,
          4,
          null,
          1,
          1,
          1,
          null,
          null,
          1,
          4,
          null,
          null,
          1,
          1,
          1,
          null,
          null,
          null,
          null,
          null,
          1,
          4,
          4,
          1,
          3,
          null,
          null,
          1,
          1,
          1,
          null,
          null,
          1,
          4,
          null,
          null,
          1,
          1,
          1,
          null,
          null,
          null,
          null,
          null,
          1,
          1,
          1,
          8,
          1,
          null,
          7,
          null,
          null,
          null,
          null,
          null,
          null,
          null,
          8,
          null,
          1,
          1,
          1,
          null,
          null,
          1,
          1,
          1,
          null,
          null,
          null,
          1,
          4,
          null,
          null,
          null,
          1,
          4,
          null,
          null,
          null,
          1,
          2,
          2,
          null,
          null,
          null,
          1,
          4,
          null,
          null,
          null,
          1,
          4,
          null,
          null,
          null,
          null,
          1,
          8,
          1,
          null,
          7,
          null,
          null,
          null,
          null,
          8,
          null,
          1,
          1,
          1,
          null,
          null,
          1,
          1,
          1,
          null,
          null,
          null,
          1,
          4,
          null,
          null,
          null,
          1,
          4,
          null,
          null,
          null,
          1,
          2,
          2,
          null,
          null,
          null,
          1,
          2,
          2,
          null,
          null,
          null,
          1,
          2,
          2,
          null,
          null,
          null,
          null,
          null,
          1,
          1,
          4,
          1,
          null,
          3,
          null,
          null,
          null,
          4,
          null,
          1,
          1,
          1,
          null,
          null,
          1,
          4,
          null,
          null,
          1,
          1,
          1,
          null,
          null,
          null,
          null,
          1,
          4,
          1,
          null,
          3,
          null,
          null,
          null,
          4,
          null,
          1,
          1,
          1,
          null,
          null,
          1,
          4,
          null,
          null,
          1,
          1,
          1,
          null,
          null,
          null,
          null,
          null,
          1,
          2,
          2,
          1,
          null,
          0,
          null,
          null,
          null,
          2,
          null,
          1,
          1,
          null,
          null,
          null,
          null,
          1,
          1,
          4,
          4,
          4,
          null,
          1,
          1,
          1,
          null,
          null,
          1,
          1,
          1,
          null,
          null,
          1,
          4,
          null,
          null,
          null,
          1,
          3,
          3,
          3,
          null,
          1,
          1,
          1,
          null,
          null,
          1,
          4,
          null,
          null,
          null,
          null
        ]
      },
      "/home/franzpapa/Workspace/Portfolio/demo_api/app/controllers/api/products_controller.rb": {
        "lines": [
          1,
          1,
          null,
          1,
          3,
          3,
          null,
          null,
          1,
          8,
          7,
          null,
          null,
          1,
          17,
          null,
          14,
          null,
          8,
          null,
          null,
          1,
          21,
          20,
          null,
          20,
          null,
          null,
          null,
          14,
          null,
          null,
          1,
          5,
          3,
          null,
          null,
          3,
          null,
          null,
          1,
          null,
          1,
          17,
          65,
          14,
          null,
          null,
          1,
          34,
          null,
          null,
          null,
          null,
          null
        ]
      },
      "/home/franzpapa/Workspace/Portfolio/demo_api/spec/models/customer_spec.rb": {
        "lines": [
          1,
          null,
          1,
          1,
          9,
          null,
          null,
          null,
          null,
          null,
          null,
          null,
          2,
          null,
          1,
          1,
          1,
          null,
          null,
          1,
          1,
          1,
          null,
          null,
          1,
          1,
          1,
          null,
          null,
          1,
          1,
          1,
          null,
          null,
          1,
          1,
          1,
          null,
          null,
          1,
          1,
          1,
          null,
          null,
          1,
          1,
          1,
          null,
          null,
          1,
          1,
          1,
          null,
          null,
          null,
          null,
          null,
          null,
          null,
          1,
          1,
          null,
          null,
          null,
          1,
          1,
          1,
          null,
          null,
          2,
          null,
          null
        ]
      },
      "/home/franzpapa/Workspace/Portfolio/demo_api/app/models/customer.rb": {
        "lines": [
          1,
          1,
          null,
          1,
          null,
          1,
          1,
          null
        ]
      },
      "/home/franzpapa/Workspace/Portfolio/demo_api/app/models/application_record.rb": {
        "lines": [
          1,
          1,
          null
        ]
      },
      "/home/franzpapa/Workspace/Portfolio/demo_api/spec/models/order_product_spec.rb": {
        "lines": [
          1,
          null,
          1,
          8,
          8,
          8,
          null,
          1,
          7,
          null,
          null,
          null,
          null,
          2,
          null,
          1,
          1,
          1,
          null,
          null,
          1,
          1,
          1,
          null,
          null,
          1,
          1,
          1,
          null,
          null,
          1,
          1,
          1,
          null,
          null,
          1,
          1,
          1,
          null,
          null,
          1,
          1,
          1,
          null,
          null,
          null,
          null,
          null,
          null,
          null,
          null,
          null,
          null,
          null,
          null,
          null,
          null
        ]
      },
      "/home/franzpapa/Workspace/Portfolio/demo_api/app/models/order_product.rb": {
        "lines": [
          1,
          1,
          1,
          null,
          1,
          1,
          1,
          1,
          1,
          null,
          1,
          1,
          null,
          1,
          70,
          null,
          69,
          null,
          null,
          1,
          70,
          null,
          6,
          68,
          null,
          null,
          1,
          null,
          1,
          45,
          null,
          null,
          1,
          10,
          10,
          null,
          null
        ]
      },
      "/home/franzpapa/Workspace/Portfolio/demo_api/spec/models/order_spec.rb": {
        "lines": [
          1,
          null,
          1,
          1,
          2,
          null,
          null,
          2,
          null,
          1,
          2,
          1,
          1,
          null,
          null,
          null,
          null,
          null,
          1,
          4,
          null,
          null,
          null,
          1,
          1,
          1,
          null,
          null,
          1,
          1,
          null,
          null,
          null
        ]
      },
      "/home/franzpapa/Workspace/Portfolio/demo_api/app/models/order.rb": {
        "lines": [
          null,
          null,
          null,
          null,
          1,
          1,
          1,
          1,
          null
        ]
      },
      "/home/franzpapa/Workspace/Portfolio/demo_api/spec/models/product_spec.rb": {
        "lines": [
          1,
          null,
          1,
          1,
          8,
          null,
          null,
          null,
          null,
          null,
          null,
          null,
          2,
          null,
          1,
          1,
          1,
          null,
          null,
          1,
          1,
          1,
          null,
          null,
          1,
          1,
          1,
          null,
          null,
          1,
          1,
          1,
          null,
          null,
          1,
          1,
          1,
          null,
          null,
          1,
          1,
          1,
          null,
          null,
          1,
          1,
          1,
          null,
          null,
          1,
          1,
          2,
          null,
          null,
          2,
          null,
          1,
          1,
          1,
          null,
          null,
          null,
          1,
          4,
          null,
          null,
          null,
          null
        ]
      },
      "/home/franzpapa/Workspace/Portfolio/demo_api/app/models/product.rb": {
        "lines": [
          1,
          1,
          1,
          null,
          1,
          1,
          1,
          1,
          null
        ]
      },
      "/home/franzpapa/Workspace/Portfolio/demo_api/app/serializers/customer_serializer.rb": {
        "lines": [
          1,
          1,
          null
        ]
      },
      "/home/franzpapa/Workspace/Portfolio/demo_api/app/serializers/order_serializer.rb": {
        "lines": [
          1,
          1,
          1,
          null,
          1,
          40,
          null,
          null,
          1,
          40,
          null,
          null
        ]
      },
      "/home/franzpapa/Workspace/Portfolio/demo_api/app/serializers/order_product_serializer.rb": {
        "lines": [
          1,
          1,
          1,
          null
        ]
      },
      "/home/franzpapa/Workspace/Portfolio/demo_api/app/serializers/product_serializer.rb": {
        "lines": [
          1,
          1,
          null
        ]
      }
    },
    "timestamp": 1596935324
  }
}
